<?xml version="1.0" encoding="UTF-8"?>
<!-- Generated by org.testng.reporters.JUnitReportReporter -->
<testsuite hostname="DESKTOP-4LJBNBT" failures="0" tests="2" name="com.crm.qa.testcases.LoginNew" time="25.558" errors="0" timestamp="08 Mar 2022 20:28:54 GMT" skipped="0">
  <testcase classname="com.crm.qa.testcases.LoginNew" name="loginfunctioncheck" time="13.210"/>
  <testcase classname="com.crm.qa.testcases.LoginNew" name="loginfunctioncheck" time="12.348"/>
</testsuite> <!-- com.crm.qa.testcases.LoginNew -->
