<?xml version="1.0" encoding="UTF-8"?>
<!-- Generated by org.testng.reporters.JUnitReportReporter -->
<testsuite hostname="DESKTOP-5TV0DKH" failures="0" tests="1" name="com.otsi.qa.testcases.AddDomainAndDomainCreation" time="7.511" errors="0" timestamp="2022-09-30T16:07:53 IST" skipped="0">
  <testcase classname="com.otsi.qa.testcases.AddDomainAndDomainCreation" name="AppLogin" time="7.511"/>
  <system-out/>
</testsuite> <!-- com.otsi.qa.testcases.AddDomainAndDomainCreation -->
