<?xml version="1.0" encoding="UTF-8"?>
<!-- Generated by org.testng.reporters.JUnitReportReporter -->
<testsuite hostname="ARPGL005086" failures="0" tests="1" name="com.crm.qa.testcases.exceltest" time="0.007" errors="1" timestamp="2022-03-14T12:36:22 IST" skipped="0">
  <testcase classname="com.crm.qa.testcases.exceltest" name="testmethod" time="0.007">
    <error type="java.lang.StackOverflowError">
      <![CDATA[java.lang.StackOverflowError
at com.crm.qa.util.ExcelUtil.setExcelFile(ExcelUtil.java:31)
at com.crm.qa.util.ExcelUtil.setExcelFile(ExcelUtil.java:31)
at com.crm.qa.util.ExcelUtil.setExcelFile(ExcelUtil.java:31)
at com.crm.qa.util.ExcelUtil.setExcelFile(ExcelUtil.java:31)
at com.crm.qa.util.ExcelUtil.setExcelFile(ExcelUtil.java:31)
at com.crm.qa.util.ExcelUtil.setExcelFile(ExcelUtil.java:31)
at com.crm.qa.util.ExcelUtil.setExcelFile(ExcelUtil.java:31)
at com.crm.qa.util.ExcelUtil.setExcelFile(ExcelUtil.java:31)
at com.crm.qa.util.ExcelUtil.setExcelFile(ExcelUtil.java:31)
at com.crm.qa.util.ExcelUtil.setExcelFile(ExcelUtil.java:31)
at com.crm.qa.util.ExcelUtil.setExcelFile(ExcelUtil.java:31)
at com.crm.qa.util.ExcelUtil.setExcelFile(ExcelUtil.java:31)
at com.crm.qa.util.ExcelUtil.setExcelFile(ExcelUtil.java:31)
at com.crm.qa.util.ExcelUtil.setExcelFile(ExcelUtil.java:31)
at com.crm.qa.util.ExcelUtil.setExcelFile(ExcelUtil.java:31)
at com.crm.qa.util.ExcelUtil.setExcelFile(ExcelUtil.java:31)
at com.crm.qa.util.ExcelUtil.setExcelFile(ExcelUtil.java:31)
at com.crm.qa.util.ExcelUtil.setExcelFile(ExcelUtil.java:31)
at com.crm.qa.util.ExcelUtil.setExcelFile(ExcelUtil.java:31)
at com.crm.qa.util.ExcelUtil.setExcelFile(ExcelUtil.java:31)
at com.crm.qa.util.ExcelUtil.setExcelFile(ExcelUtil.java:31)
at com.crm.qa.util.ExcelUtil.setExcelFile(ExcelUtil.java:31)
at com.crm.qa.util.ExcelUtil.setExcelFile(ExcelUtil.java:31)
at com.crm.qa.util.ExcelUtil.setExcelFile(ExcelUtil.java:31)
at com.crm.qa.util.ExcelUtil.setExcelFile(ExcelUtil.java:31)
at com.crm.qa.util.ExcelUtil.setExcelFile(ExcelUtil.java:31)
at com.crm.qa.util.ExcelUtil.setExcelFile(ExcelUtil.java:31)
at com.crm.qa.util.ExcelUtil.setExcelFile(ExcelUtil.java:31)
at com.crm.qa.util.ExcelUtil.setExcelFile(ExcelUtil.java:31)
at com.crm.qa.util.ExcelUtil.setExcelFile(ExcelUtil.java:31)
at com.crm.qa.util.ExcelUtil.setExcelFile(ExcelUtil.java:31)
at com.crm.qa.util.ExcelUtil.setExcelFile(ExcelUtil.java:31)
at com.crm.qa.util.ExcelUtil.setExcelFile(ExcelUtil.java:31)
at com.crm.qa.util.ExcelUtil.setExcelFile(ExcelUtil.java:31)
at com.crm.qa.util.ExcelUtil.setExcelFile(ExcelUtil.java:31)
at com.crm.qa.util.ExcelUtil.setExcelFile(ExcelUtil.java:31)
at com.crm.qa.util.ExcelUtil.setExcelFile(ExcelUtil.java:31)
at com.crm.qa.util.ExcelUtil.setExcelFile(ExcelUtil.java:31)
at com.crm.qa.util.ExcelUtil.setExcelFile(ExcelUtil.java:31)
at com.crm.qa.util.ExcelUtil.setExcelFile(ExcelUtil.java:31)
at com.crm.qa.util.ExcelUtil.setExcelFile(ExcelUtil.java:31)
at com.crm.qa.util.ExcelUtil.setExcelFile(ExcelUtil.java:31)
at com.crm.qa.util.ExcelUtil.setExcelFile(ExcelUtil.java:31)
at com.crm.qa.util.ExcelUtil.setExcelFile(ExcelUtil.java:31)
at com.crm.qa.util.ExcelUtil.setExcelFile(ExcelUtil.java:31)
at com.crm.qa.util.ExcelUtil.setExcelFile(ExcelUtil.java:31)
at com.crm.qa.util.ExcelUtil.setExcelFile(ExcelUtil.java:31)
at com.crm.qa.util.ExcelUtil.setExcelFile(ExcelUtil.java:31)
at com.crm.qa.util.ExcelUtil.setExcelFile(ExcelUtil.java:31)
at com.crm.qa.util.ExcelUtil.setExcelFile(ExcelUtil.java:31)
at com.crm.qa.util.ExcelUtil.setExcelFile(ExcelUtil.java:31)
at com.crm.qa.util.ExcelUtil.setExcelFile(ExcelUtil.java:31)
at com.crm.qa.util.ExcelUtil.setExcelFile(ExcelUtil.java:31)
at com.crm.qa.util.ExcelUtil.setExcelFile(ExcelUtil.java:31)
at com.crm.qa.util.ExcelUtil.setExcelFile(ExcelUtil.java:31)
at com.crm.qa.util.ExcelUtil.setExcelFile(ExcelUtil.java:31)
at com.crm.qa.util.ExcelUtil.setExcelFile(ExcelUtil.java:31)
at com.crm.qa.util.ExcelUtil.setExcelFile(ExcelUtil.java:31)
at com.crm.qa.util.ExcelUtil.setExcelFile(ExcelUtil.java:31)
at com.crm.qa.util.ExcelUtil.setExcelFile(ExcelUtil.java:31)
at com.crm.qa.util.ExcelUtil.setExcelFile(ExcelUtil.java:31)
at com.crm.qa.util.ExcelUtil.setExcelFile(ExcelUtil.java:31)
at com.crm.qa.util.ExcelUtil.setExcelFile(ExcelUtil.java:31)
at com.crm.qa.util.ExcelUtil.setExcelFile(ExcelUtil.java:31)
at com.crm.qa.util.ExcelUtil.setExcelFile(ExcelUtil.java:31)
at com.crm.qa.util.ExcelUtil.setExcelFile(ExcelUtil.java:31)
at com.crm.qa.util.ExcelUtil.setExcelFile(ExcelUtil.java:31)
at com.crm.qa.util.ExcelUtil.setExcelFile(ExcelUtil.java:31)
at com.crm.qa.util.ExcelUtil.setExcelFile(ExcelUtil.java:31)
at com.crm.qa.util.ExcelUtil.setExcelFile(ExcelUtil.java:31)
at com.crm.qa.util.ExcelUtil.setExcelFile(ExcelUtil.java:31)
at com.crm.qa.util.ExcelUtil.setExcelFile(ExcelUtil.java:31)
at com.crm.qa.util.ExcelUtil.setExcelFile(ExcelUtil.java:31)
at com.crm.qa.util.ExcelUtil.setExcelFile(ExcelUtil.java:31)
at com.crm.qa.util.ExcelUtil.setExcelFile(ExcelUtil.java:31)
at com.crm.qa.util.ExcelUtil.setExcelFile(ExcelUtil.java:31)
at com.crm.qa.util.ExcelUtil.setExcelFile(ExcelUtil.java:31)
at com.crm.qa.util.ExcelUtil.setExcelFile(ExcelUtil.java:31)
at com.crm.qa.util.ExcelUtil.setExcelFile(ExcelUtil.java:31)
at com.crm.qa.util.ExcelUtil.setExcelFile(ExcelUtil.java:31)
at com.crm.qa.util.ExcelUtil.setExcelFile(ExcelUtil.java:31)
at com.crm.qa.util.ExcelUtil.setExcelFile(ExcelUtil.java:31)
at com.crm.qa.util.ExcelUtil.setExcelFile(ExcelUtil.java:31)
at com.crm.qa.util.ExcelUtil.setExcelFile(ExcelUtil.java:31)
at com.crm.qa.util.ExcelUtil.setExcelFile(ExcelUtil.java:31)
at com.crm.qa.util.ExcelUtil.setExcelFile(ExcelUtil.java:31)
at com.crm.qa.util.ExcelUtil.setExcelFile(ExcelUtil.java:31)
at com.crm.qa.util.ExcelUtil.setExcelFile(ExcelUtil.java:31)
at com.crm.qa.util.ExcelUtil.setExcelFile(ExcelUtil.java:31)
at com.crm.qa.util.ExcelUtil.setExcelFile(ExcelUtil.java:31)
at com.crm.qa.util.ExcelUtil.setExcelFile(ExcelUtil.java:31)
at com.crm.qa.util.ExcelUtil.setExcelFile(ExcelUtil.java:31)
at com.crm.qa.util.ExcelUtil.setExcelFile(ExcelUtil.java:31)
at com.crm.qa.util.ExcelUtil.setExcelFile(ExcelUtil.java:31)
at com.crm.qa.util.ExcelUtil.setExcelFile(ExcelUtil.java:31)
at com.crm.qa.util.ExcelUtil.setExcelFile(ExcelUtil.java:31)
at com.crm.qa.util.ExcelUtil.setExcelFile(ExcelUtil.java:31)
at com.crm.qa.util.ExcelUtil.setExcelFile(ExcelUtil.java:31)
at com.crm.qa.util.ExcelUtil.setExcelFile(ExcelUtil.java:31)
at com.crm.qa.util.ExcelUtil.setExcelFile(ExcelUtil.java:31)
at com.crm.qa.util.ExcelUtil.setExcelFile(ExcelUtil.java:31)
at com.crm.qa.util.ExcelUtil.setExcelFile(ExcelUtil.java:31)
at com.crm.qa.util.ExcelUtil.setExcelFile(ExcelUtil.java:31)
at com.crm.qa.util.ExcelUtil.setExcelFile(ExcelUtil.java:31)
at com.crm.qa.util.ExcelUtil.setExcelFile(ExcelUtil.java:31)
at com.crm.qa.util.ExcelUtil.setExcelFile(ExcelUtil.java:31)
at com.crm.qa.util.ExcelUtil.setExcelFile(ExcelUtil.java:31)
at com.crm.qa.util.ExcelUtil.setExcelFile(ExcelUtil.java:31)
at com.crm.qa.util.ExcelUtil.setExcelFile(ExcelUtil.java:31)
at com.crm.qa.util.ExcelUtil.setExcelFile(ExcelUtil.java:31)
at com.crm.qa.util.ExcelUtil.setExcelFile(ExcelUtil.java:31)
at com.crm.qa.util.ExcelUtil.setExcelFile(ExcelUtil.java:31)
at com.crm.qa.util.ExcelUtil.setExcelFile(ExcelUtil.java:31)
at com.crm.qa.util.ExcelUtil.setExcelFile(ExcelUtil.java:31)
at com.crm.qa.util.ExcelUtil.setExcelFile(ExcelUtil.java:31)
at com.crm.qa.util.ExcelUtil.setExcelFile(ExcelUtil.java:31)
at com.crm.qa.util.ExcelUtil.setExcelFile(ExcelUtil.java:31)
at com.crm.qa.util.ExcelUtil.setExcelFile(ExcelUtil.java:31)
at com.crm.qa.util.ExcelUtil.setExcelFile(ExcelUtil.java:31)
at com.crm.qa.util.ExcelUtil.setExcelFile(ExcelUtil.java:31)
at com.crm.qa.util.ExcelUtil.setExcelFile(ExcelUtil.java:31)
at com.crm.qa.util.ExcelUtil.setExcelFile(ExcelUtil.java:31)
at com.crm.qa.util.ExcelUtil.setExcelFile(ExcelUtil.java:31)
at com.crm.qa.util.ExcelUtil.setExcelFile(ExcelUtil.java:31)
at com.crm.qa.util.ExcelUtil.setExcelFile(ExcelUtil.java:31)
at com.crm.qa.util.ExcelUtil.setExcelFile(ExcelUtil.java:31)
at com.crm.qa.util.ExcelUtil.setExcelFile(ExcelUtil.java:31)
at com.crm.qa.util.ExcelUtil.setExcelFile(ExcelUtil.java:31)
at com.crm.qa.util.ExcelUtil.setExcelFile(ExcelUtil.java:31)
at com.crm.qa.util.ExcelUtil.setExcelFile(ExcelUtil.java:31)
at com.crm.qa.util.ExcelUtil.setExcelFile(ExcelUtil.java:31)
at com.crm.qa.util.ExcelUtil.setExcelFile(ExcelUtil.java:31)
at com.crm.qa.util.ExcelUtil.setExcelFile(ExcelUtil.java:31)
at com.crm.qa.util.ExcelUtil.setExcelFile(ExcelUtil.java:31)
at com.crm.qa.util.ExcelUtil.setExcelFile(ExcelUtil.java:31)
at com.crm.qa.util.ExcelUtil.setExcelFile(ExcelUtil.java:31)
at com.crm.qa.util.ExcelUtil.setExcelFile(ExcelUtil.java:31)
at com.crm.qa.util.ExcelUtil.setExcelFile(ExcelUtil.java:31)
at com.crm.qa.util.ExcelUtil.setExcelFile(ExcelUtil.java:31)
at com.crm.qa.util.ExcelUtil.setExcelFile(ExcelUtil.java:31)
at com.crm.qa.util.ExcelUtil.setExcelFile(ExcelUtil.java:31)
at com.crm.qa.util.ExcelUtil.setExcelFile(ExcelUtil.java:31)
at com.crm.qa.util.ExcelUtil.setExcelFile(ExcelUtil.java:31)
at com.crm.qa.util.ExcelUtil.setExcelFile(ExcelUtil.java:31)
at com.crm.qa.util.ExcelUtil.setExcelFile(ExcelUtil.java:31)
at com.crm.qa.util.ExcelUtil.setExcelFile(ExcelUtil.java:31)
at com.crm.qa.util.ExcelUtil.setExcelFile(ExcelUtil.java:31)
at com.crm.qa.util.ExcelUtil.setExcelFile(ExcelUtil.java:31)
at com.crm.qa.util.ExcelUtil.setExcelFile(ExcelUtil.java:31)
at com.crm.qa.util.ExcelUtil.setExcelFile(ExcelUtil.java:31)
at com.crm.qa.util.ExcelUtil.setExcelFile(ExcelUtil.java:31)
at com.crm.qa.util.ExcelUtil.setExcelFile(ExcelUtil.java:31)
at com.crm.qa.util.ExcelUtil.setExcelFile(ExcelUtil.java:31)
at com.crm.qa.util.ExcelUtil.setExcelFile(ExcelUtil.java:31)
at com.crm.qa.util.ExcelUtil.setExcelFile(ExcelUtil.java:31)
at com.crm.qa.util.ExcelUtil.setExcelFile(ExcelUtil.java:31)
at com.crm.qa.util.ExcelUtil.setExcelFile(ExcelUtil.java:31)
at com.crm.qa.util.ExcelUtil.setExcelFile(ExcelUtil.java:31)
at com.crm.qa.util.ExcelUtil.setExcelFile(ExcelUtil.java:31)
at com.crm.qa.util.ExcelUtil.setExcelFile(ExcelUtil.java:31)
at com.crm.qa.util.ExcelUtil.setExcelFile(ExcelUtil.java:31)
at com.crm.qa.util.ExcelUtil.setExcelFile(ExcelUtil.java:31)
at com.crm.qa.util.ExcelUtil.setExcelFile(ExcelUtil.java:31)
at com.crm.qa.util.ExcelUtil.setExcelFile(ExcelUtil.java:31)
at com.crm.qa.util.ExcelUtil.setExcelFile(ExcelUtil.java:31)
at com.crm.qa.util.ExcelUtil.setExcelFile(ExcelUtil.java:31)
at com.crm.qa.util.ExcelUtil.setExcelFile(ExcelUtil.java:31)
at com.crm.qa.util.ExcelUtil.setExcelFile(ExcelUtil.java:31)
at com.crm.qa.util.ExcelUtil.setExcelFile(ExcelUtil.java:31)
at com.crm.qa.util.ExcelUtil.setExcelFile(ExcelUtil.java:31)
at com.crm.qa.util.ExcelUtil.setExcelFile(ExcelUtil.java:31)
at com.crm.qa.util.ExcelUtil.setExcelFile(ExcelUtil.java:31)
at com.crm.qa.util.ExcelUtil.setExcelFile(ExcelUtil.java:31)
at com.crm.qa.util.ExcelUtil.setExcelFile(ExcelUtil.java:31)
at com.crm.qa.util.ExcelUtil.setExcelFile(ExcelUtil.java:31)
at com.crm.qa.util.ExcelUtil.setExcelFile(ExcelUtil.java:31)
at com.crm.qa.util.ExcelUtil.setExcelFile(ExcelUtil.java:31)
at com.crm.qa.util.ExcelUtil.setExcelFile(ExcelUtil.java:31)
at com.crm.qa.util.ExcelUtil.setExcelFile(ExcelUtil.java:31)
at com.crm.qa.util.ExcelUtil.setExcelFile(ExcelUtil.java:31)
at com.crm.qa.util.ExcelUtil.setExcelFile(ExcelUtil.java:31)
at com.crm.qa.util.ExcelUtil.setExcelFile(ExcelUtil.java:31)
at com.crm.qa.util.ExcelUtil.setExcelFile(ExcelUtil.java:31)
at com.crm.qa.util.ExcelUtil.setExcelFile(ExcelUtil.java:31)
at com.crm.qa.util.ExcelUtil.setExcelFile(ExcelUtil.java:31)
at com.crm.qa.util.ExcelUtil.setExcelFile(ExcelUtil.java:31)
at com.crm.qa.util.ExcelUtil.setExcelFile(ExcelUtil.java:31)
at com.crm.qa.util.ExcelUtil.setExcelFile(ExcelUtil.java:31)
at com.crm.qa.util.ExcelUtil.setExcelFile(ExcelUtil.java:31)
at com.crm.qa.util.ExcelUtil.setExcelFile(ExcelUtil.java:31)
at com.crm.qa.util.ExcelUtil.setExcelFile(ExcelUtil.java:31)
at com.crm.qa.util.ExcelUtil.setExcelFile(ExcelUtil.java:31)
at com.crm.qa.util.ExcelUtil.setExcelFile(ExcelUtil.java:31)
at com.crm.qa.util.ExcelUtil.setExcelFile(ExcelUtil.java:31)
at com.crm.qa.util.ExcelUtil.setExcelFile(ExcelUtil.java:31)
at com.crm.qa.util.ExcelUtil.setExcelFile(ExcelUtil.java:31)
at com.crm.qa.util.ExcelUtil.setExcelFile(ExcelUtil.java:31)
at com.crm.qa.util.ExcelUtil.setExcelFile(ExcelUtil.java:31)
at com.crm.qa.util.ExcelUtil.setExcelFile(ExcelUtil.java:31)
at com.crm.qa.util.ExcelUtil.setExcelFile(ExcelUtil.java:31)
at com.crm.qa.util.ExcelUtil.setExcelFile(ExcelUtil.java:31)
at com.crm.qa.util.ExcelUtil.setExcelFile(ExcelUtil.java:31)
at com.crm.qa.util.ExcelUtil.setExcelFile(ExcelUtil.java:31)
at com.crm.qa.util.ExcelUtil.setExcelFile(ExcelUtil.java:31)
at com.crm.qa.util.ExcelUtil.setExcelFile(ExcelUtil.java:31)
at com.crm.qa.util.ExcelUtil.setExcelFile(ExcelUtil.java:31)
at com.crm.qa.util.ExcelUtil.setExcelFile(ExcelUtil.java:31)
at com.crm.qa.util.ExcelUtil.setExcelFile(ExcelUtil.java:31)
at com.crm.qa.util.ExcelUtil.setExcelFile(ExcelUtil.java:31)
at com.crm.qa.util.ExcelUtil.setExcelFile(ExcelUtil.java:31)
at com.crm.qa.util.ExcelUtil.setExcelFile(ExcelUtil.java:31)
at com.crm.qa.util.ExcelUtil.setExcelFile(ExcelUtil.java:31)
at com.crm.qa.util.ExcelUtil.setExcelFile(ExcelUtil.java:31)
at com.crm.qa.util.ExcelUtil.setExcelFile(ExcelUtil.java:31)
at com.crm.qa.util.ExcelUtil.setExcelFile(ExcelUtil.java:31)
at com.crm.qa.util.ExcelUtil.setExcelFile(ExcelUtil.java:31)
at com.crm.qa.util.ExcelUtil.setExcelFile(ExcelUtil.java:31)
at com.crm.qa.util.ExcelUtil.setExcelFile(ExcelUtil.java:31)
at com.crm.qa.util.ExcelUtil.setExcelFile(ExcelUtil.java:31)
at com.crm.qa.util.ExcelUtil.setExcelFile(ExcelUtil.java:31)
at com.crm.qa.util.ExcelUtil.setExcelFile(ExcelUtil.java:31)
at com.crm.qa.util.ExcelUtil.setExcelFile(ExcelUtil.java:31)
at com.crm.qa.util.ExcelUtil.setExcelFile(ExcelUtil.java:31)
at com.crm.qa.util.ExcelUtil.setExcelFile(ExcelUtil.java:31)
at com.crm.qa.util.ExcelUtil.setExcelFile(ExcelUtil.java:31)
at com.crm.qa.util.ExcelUtil.setExcelFile(ExcelUtil.java:31)
at com.crm.qa.util.ExcelUtil.setExcelFile(ExcelUtil.java:31)
at com.crm.qa.util.ExcelUtil.setExcelFile(ExcelUtil.java:31)
at com.crm.qa.util.ExcelUtil.setExcelFile(ExcelUtil.java:31)
at com.crm.qa.util.ExcelUtil.setExcelFile(ExcelUtil.java:31)
at com.crm.qa.util.ExcelUtil.setExcelFile(ExcelUtil.java:31)
at com.crm.qa.util.ExcelUtil.setExcelFile(ExcelUtil.java:31)
at com.crm.qa.util.ExcelUtil.setExcelFile(ExcelUtil.java:31)
at com.crm.qa.util.ExcelUtil.setExcelFile(ExcelUtil.java:31)
at com.crm.qa.util.ExcelUtil.setExcelFile(ExcelUtil.java:31)
at com.crm.qa.util.ExcelUtil.setExcelFile(ExcelUtil.java:31)
at com.crm.qa.util.ExcelUtil.setExcelFile(ExcelUtil.java:31)
at com.crm.qa.util.ExcelUtil.setExcelFile(ExcelUtil.java:31)
at com.crm.qa.util.ExcelUtil.setExcelFile(ExcelUtil.java:31)
at com.crm.qa.util.ExcelUtil.setExcelFile(ExcelUtil.java:31)
at com.crm.qa.util.ExcelUtil.setExcelFile(ExcelUtil.java:31)
at com.crm.qa.util.ExcelUtil.setExcelFile(ExcelUtil.java:31)
at com.crm.qa.util.ExcelUtil.setExcelFile(ExcelUtil.java:31)
at com.crm.qa.util.ExcelUtil.setExcelFile(ExcelUtil.java:31)
at com.crm.qa.util.ExcelUtil.setExcelFile(ExcelUtil.java:31)
at com.crm.qa.util.ExcelUtil.setExcelFile(ExcelUtil.java:31)
at com.crm.qa.util.ExcelUtil.setExcelFile(ExcelUtil.java:31)
at com.crm.qa.util.ExcelUtil.setExcelFile(ExcelUtil.java:31)
at com.crm.qa.util.ExcelUtil.setExcelFile(ExcelUtil.java:31)
at com.crm.qa.util.ExcelUtil.setExcelFile(ExcelUtil.java:31)
at com.crm.qa.util.ExcelUtil.setExcelFile(ExcelUtil.java:31)
at com.crm.qa.util.ExcelUtil.setExcelFile(ExcelUtil.java:31)
at com.crm.qa.util.ExcelUtil.setExcelFile(ExcelUtil.java:31)
at com.crm.qa.util.ExcelUtil.setExcelFile(ExcelUtil.java:31)
at com.crm.qa.util.ExcelUtil.setExcelFile(ExcelUtil.java:31)
at com.crm.qa.util.ExcelUtil.setExcelFile(ExcelUtil.java:31)
at com.crm.qa.util.ExcelUtil.setExcelFile(ExcelUtil.java:31)
at com.crm.qa.util.ExcelUtil.setExcelFile(ExcelUtil.java:31)
at com.crm.qa.util.ExcelUtil.setExcelFile(ExcelUtil.java:31)
at com.crm.qa.util.ExcelUtil.setExcelFile(ExcelUtil.java:31)
at com.crm.qa.util.ExcelUtil.setExcelFile(ExcelUtil.java:31)
at com.crm.qa.util.ExcelUtil.setExcelFile(ExcelUtil.java:31)
at com.crm.qa.util.ExcelUtil.setExcelFile(ExcelUtil.java:31)
at com.crm.qa.util.ExcelUtil.setExcelFile(ExcelUtil.java:31)
at com.crm.qa.util.ExcelUtil.setExcelFile(ExcelUtil.java:31)
at com.crm.qa.util.ExcelUtil.setExcelFile(ExcelUtil.java:31)
at com.crm.qa.util.ExcelUtil.setExcelFile(ExcelUtil.java:31)
at com.crm.qa.util.ExcelUtil.setExcelFile(ExcelUtil.java:31)
at com.crm.qa.util.ExcelUtil.setExcelFile(ExcelUtil.java:31)
at com.crm.qa.util.ExcelUtil.setExcelFile(ExcelUtil.java:31)
at com.crm.qa.util.ExcelUtil.setExcelFile(ExcelUtil.java:31)
at com.crm.qa.util.ExcelUtil.setExcelFile(ExcelUtil.java:31)
at com.crm.qa.util.ExcelUtil.setExcelFile(ExcelUtil.java:31)
at com.crm.qa.util.ExcelUtil.setExcelFile(ExcelUtil.java:31)
at com.crm.qa.util.ExcelUtil.setExcelFile(ExcelUtil.java:31)
at com.crm.qa.util.ExcelUtil.setExcelFile(ExcelUtil.java:31)
at com.crm.qa.util.ExcelUtil.setExcelFile(ExcelUtil.java:31)
at com.crm.qa.util.ExcelUtil.setExcelFile(ExcelUtil.java:31)
at com.crm.qa.util.ExcelUtil.setExcelFile(ExcelUtil.java:31)
at com.crm.qa.util.ExcelUtil.setExcelFile(ExcelUtil.java:31)
at com.crm.qa.util.ExcelUtil.setExcelFile(ExcelUtil.java:31)
at com.crm.qa.util.ExcelUtil.setExcelFile(ExcelUtil.java:31)
at com.crm.qa.util.ExcelUtil.setExcelFile(ExcelUtil.java:31)
at com.crm.qa.util.ExcelUtil.setExcelFile(ExcelUtil.java:31)
at com.crm.qa.util.ExcelUtil.setExcelFile(ExcelUtil.java:31)
at com.crm.qa.util.ExcelUtil.setExcelFile(ExcelUtil.java:31)
at com.crm.qa.util.ExcelUtil.setExcelFile(ExcelUtil.java:31)
at com.crm.qa.util.ExcelUtil.setExcelFile(ExcelUtil.java:31)
at com.crm.qa.util.ExcelUtil.setExcelFile(ExcelUtil.java:31)
at com.crm.qa.util.ExcelUtil.setExcelFile(ExcelUtil.java:31)
at com.crm.qa.util.ExcelUtil.setExcelFile(ExcelUtil.java:31)
at com.crm.qa.util.ExcelUtil.setExcelFile(ExcelUtil.java:31)
at com.crm.qa.util.ExcelUtil.setExcelFile(ExcelUtil.java:31)
at com.crm.qa.util.ExcelUtil.setExcelFile(ExcelUtil.java:31)
at com.crm.qa.util.ExcelUtil.setExcelFile(ExcelUtil.java:31)
at com.crm.qa.util.ExcelUtil.setExcelFile(ExcelUtil.java:31)
at com.crm.qa.util.ExcelUtil.setExcelFile(ExcelUtil.java:31)
at com.crm.qa.util.ExcelUtil.setExcelFile(ExcelUtil.java:31)
at com.crm.qa.util.ExcelUtil.setExcelFile(ExcelUtil.java:31)
at com.crm.qa.util.ExcelUtil.setExcelFile(ExcelUtil.java:31)
at com.crm.qa.util.ExcelUtil.setExcelFile(ExcelUtil.java:31)
at com.crm.qa.util.ExcelUtil.setExcelFile(ExcelUtil.java:31)
at com.crm.qa.util.ExcelUtil.setExcelFile(ExcelUtil.java:31)
at com.crm.qa.util.ExcelUtil.setExcelFile(ExcelUtil.java:31)
at com.crm.qa.util.ExcelUtil.setExcelFile(ExcelUtil.java:31)
at com.crm.qa.util.ExcelUtil.setExcelFile(ExcelUtil.java:31)
at com.crm.qa.util.ExcelUtil.setExcelFile(ExcelUtil.java:31)
at com.crm.qa.util.ExcelUtil.setExcelFile(ExcelUtil.java:31)
at com.crm.qa.util.ExcelUtil.setExcelFile(ExcelUtil.java:31)
at com.crm.qa.util.ExcelUtil.setExcelFile(ExcelUtil.java:31)
at com.crm.qa.util.ExcelUtil.setExcelFile(ExcelUtil.java:31)
at com.crm.qa.util.ExcelUtil.setExcelFile(ExcelUtil.java:31)
at com.crm.qa.util.ExcelUtil.setExcelFile(ExcelUtil.java:31)
at com.crm.qa.util.ExcelUtil.setExcelFile(ExcelUtil.java:31)
at com.crm.qa.util.ExcelUtil.setExcelFile(ExcelUtil.java:31)
at com.crm.qa.util.ExcelUtil.setExcelFile(ExcelUtil.java:31)
at com.crm.qa.util.ExcelUtil.setExcelFile(ExcelUtil.java:31)
at com.crm.qa.util.ExcelUtil.setExcelFile(ExcelUtil.java:31)
at com.crm.qa.util.ExcelUtil.setExcelFile(ExcelUtil.java:31)
at com.crm.qa.util.ExcelUtil.setExcelFile(ExcelUtil.java:31)
at com.crm.qa.util.ExcelUtil.setExcelFile(ExcelUtil.java:31)
at com.crm.qa.util.ExcelUtil.setExcelFile(ExcelUtil.java:31)
at com.crm.qa.util.ExcelUtil.setExcelFile(ExcelUtil.java:31)
at com.crm.qa.util.ExcelUtil.setExcelFile(ExcelUtil.java:31)
at com.crm.qa.util.ExcelUtil.setExcelFile(ExcelUtil.java:31)
at com.crm.qa.util.ExcelUtil.setExcelFile(ExcelUtil.java:31)
at com.crm.qa.util.ExcelUtil.setExcelFile(ExcelUtil.java:31)
at com.crm.qa.util.ExcelUtil.setExcelFile(ExcelUtil.java:31)
at com.crm.qa.util.ExcelUtil.setExcelFile(ExcelUtil.java:31)
at com.crm.qa.util.ExcelUtil.setExcelFile(ExcelUtil.java:31)
at com.crm.qa.util.ExcelUtil.setExcelFile(ExcelUtil.java:31)
at com.crm.qa.util.ExcelUtil.setExcelFile(ExcelUtil.java:31)
at com.crm.qa.util.ExcelUtil.setExcelFile(ExcelUtil.java:31)
at com.crm.qa.util.ExcelUtil.setExcelFile(ExcelUtil.java:31)
at com.crm.qa.util.ExcelUtil.setExcelFile(ExcelUtil.java:31)
at com.crm.qa.util.ExcelUtil.setExcelFile(ExcelUtil.java:31)
at com.crm.qa.util.ExcelUtil.setExcelFile(ExcelUtil.java:31)
at com.crm.qa.util.ExcelUtil.setExcelFile(ExcelUtil.java:31)
at com.crm.qa.util.ExcelUtil.setExcelFile(ExcelUtil.java:31)
at com.crm.qa.util.ExcelUtil.setExcelFile(ExcelUtil.java:31)
at com.crm.qa.util.ExcelUtil.setExcelFile(ExcelUtil.java:31)
at com.crm.qa.util.ExcelUtil.setExcelFile(ExcelUtil.java:31)
at com.crm.qa.util.ExcelUtil.setExcelFile(ExcelUtil.java:31)
at com.crm.qa.util.ExcelUtil.setExcelFile(ExcelUtil.java:31)
at com.crm.qa.util.ExcelUtil.setExcelFile(ExcelUtil.java:31)
at com.crm.qa.util.ExcelUtil.setExcelFile(ExcelUtil.java:31)
at com.crm.qa.util.ExcelUtil.setExcelFile(ExcelUtil.java:31)
at com.crm.qa.util.ExcelUtil.setExcelFile(ExcelUtil.java:31)
at com.crm.qa.util.ExcelUtil.setExcelFile(ExcelUtil.java:31)
at com.crm.qa.util.ExcelUtil.setExcelFile(ExcelUtil.java:31)
at com.crm.qa.util.ExcelUtil.setExcelFile(ExcelUtil.java:31)
at com.crm.qa.util.ExcelUtil.setExcelFile(ExcelUtil.java:31)
at com.crm.qa.util.ExcelUtil.setExcelFile(ExcelUtil.java:31)
at com.crm.qa.util.ExcelUtil.setExcelFile(ExcelUtil.java:31)
at com.crm.qa.util.ExcelUtil.setExcelFile(ExcelUtil.java:31)
at com.crm.qa.util.ExcelUtil.setExcelFile(ExcelUtil.java:31)
at com.crm.qa.util.ExcelUtil.setExcelFile(ExcelUtil.java:31)
at com.crm.qa.util.ExcelUtil.setExcelFile(ExcelUtil.java:31)
at com.crm.qa.util.ExcelUtil.setExcelFile(ExcelUtil.java:31)
at com.crm.qa.util.ExcelUtil.setExcelFile(ExcelUtil.java:31)
at com.crm.qa.util.ExcelUtil.setExcelFile(ExcelUtil.java:31)
at com.crm.qa.util.ExcelUtil.setExcelFile(ExcelUtil.java:31)
at com.crm.qa.util.ExcelUtil.setExcelFile(ExcelUtil.java:31)
at com.crm.qa.util.ExcelUtil.setExcelFile(ExcelUtil.java:31)
at com.crm.qa.util.ExcelUtil.setExcelFile(ExcelUtil.java:31)
at com.crm.qa.util.ExcelUtil.setExcelFile(ExcelUtil.java:31)
at com.crm.qa.util.ExcelUtil.setExcelFile(ExcelUtil.java:31)
at com.crm.qa.util.ExcelUtil.setExcelFile(ExcelUtil.java:31)
at com.crm.qa.util.ExcelUtil.setExcelFile(ExcelUtil.java:31)
at com.crm.qa.util.ExcelUtil.setExcelFile(ExcelUtil.java:31)
at com.crm.qa.util.ExcelUtil.setExcelFile(ExcelUtil.java:31)
at com.crm.qa.util.ExcelUtil.setExcelFile(ExcelUtil.java:31)
at com.crm.qa.util.ExcelUtil.setExcelFile(ExcelUtil.java:31)
at com.crm.qa.util.ExcelUtil.setExcelFile(ExcelUtil.java:31)
at com.crm.qa.util.ExcelUtil.setExcelFile(ExcelUtil.java:31)
at com.crm.qa.util.ExcelUtil.setExcelFile(ExcelUtil.java:31)
at com.crm.qa.util.ExcelUtil.setExcelFile(ExcelUtil.java:31)
at com.crm.qa.util.ExcelUtil.setExcelFile(ExcelUtil.java:31)
at com.crm.qa.util.ExcelUtil.setExcelFile(ExcelUtil.java:31)
at com.crm.qa.util.ExcelUtil.setExcelFile(ExcelUtil.java:31)
at com.crm.qa.util.ExcelUtil.setExcelFile(ExcelUtil.java:31)
at com.crm.qa.util.ExcelUtil.setExcelFile(ExcelUtil.java:31)
at com.crm.qa.util.ExcelUtil.setExcelFile(ExcelUtil.java:31)
at com.crm.qa.util.ExcelUtil.setExcelFile(ExcelUtil.java:31)
at com.crm.qa.util.ExcelUtil.setExcelFile(ExcelUtil.java:31)
at com.crm.qa.util.ExcelUtil.setExcelFile(ExcelUtil.java:31)
at com.crm.qa.util.ExcelUtil.setExcelFile(ExcelUtil.java:31)
at com.crm.qa.util.ExcelUtil.setExcelFile(ExcelUtil.java:31)
at com.crm.qa.util.ExcelUtil.setExcelFile(ExcelUtil.java:31)
at com.crm.qa.util.ExcelUtil.setExcelFile(ExcelUtil.java:31)
at com.crm.qa.util.ExcelUtil.setExcelFile(ExcelUtil.java:31)
at com.crm.qa.util.ExcelUtil.setExcelFile(ExcelUtil.java:31)
at com.crm.qa.util.ExcelUtil.setExcelFile(ExcelUtil.java:31)
at com.crm.qa.util.ExcelUtil.setExcelFile(ExcelUtil.java:31)
at com.crm.qa.util.ExcelUtil.setExcelFile(ExcelUtil.java:31)
at com.crm.qa.util.ExcelUtil.setExcelFile(ExcelUtil.java:31)
at com.crm.qa.util.ExcelUtil.setExcelFile(ExcelUtil.java:31)
at com.crm.qa.util.ExcelUtil.setExcelFile(ExcelUtil.java:31)
at com.crm.qa.util.ExcelUtil.setExcelFile(ExcelUtil.java:31)
at com.crm.qa.util.ExcelUtil.setExcelFile(ExcelUtil.java:31)
at com.crm.qa.util.ExcelUtil.setExcelFile(ExcelUtil.java:31)
at com.crm.qa.util.ExcelUtil.setExcelFile(ExcelUtil.java:31)
at com.crm.qa.util.ExcelUtil.setExcelFile(ExcelUtil.java:31)
at com.crm.qa.util.ExcelUtil.setExcelFile(ExcelUtil.java:31)
at com.crm.qa.util.ExcelUtil.setExcelFile(ExcelUtil.java:31)
at com.crm.qa.util.ExcelUtil.setExcelFile(ExcelUtil.java:31)
at com.crm.qa.util.ExcelUtil.setExcelFile(ExcelUtil.java:31)
at com.crm.qa.util.ExcelUtil.setExcelFile(ExcelUtil.java:31)
at com.crm.qa.util.ExcelUtil.setExcelFile(ExcelUtil.java:31)
at com.crm.qa.util.ExcelUtil.setExcelFile(ExcelUtil.java:31)
at com.crm.qa.util.ExcelUtil.setExcelFile(ExcelUtil.java:31)
at com.crm.qa.util.ExcelUtil.setExcelFile(ExcelUtil.java:31)
at com.crm.qa.util.ExcelUtil.setExcelFile(ExcelUtil.java:31)
at com.crm.qa.util.ExcelUtil.setExcelFile(ExcelUtil.java:31)
at com.crm.qa.util.ExcelUtil.setExcelFile(ExcelUtil.java:31)
at com.crm.qa.util.ExcelUtil.setExcelFile(ExcelUtil.java:31)
at com.crm.qa.util.ExcelUtil.setExcelFile(ExcelUtil.java:31)
at com.crm.qa.util.ExcelUtil.setExcelFile(ExcelUtil.java:31)
at com.crm.qa.util.ExcelUtil.setExcelFile(ExcelUtil.java:31)
at com.crm.qa.util.ExcelUtil.setExcelFile(ExcelUtil.java:31)
at com.crm.qa.util.ExcelUtil.setExcelFile(ExcelUtil.java:31)
at com.crm.qa.util.ExcelUtil.setExcelFile(ExcelUtil.java:31)
at com.crm.qa.util.ExcelUtil.setExcelFile(ExcelUtil.java:31)
at com.crm.qa.util.ExcelUtil.setExcelFile(ExcelUtil.java:31)
at com.crm.qa.util.ExcelUtil.setExcelFile(ExcelUtil.java:31)
at com.crm.qa.util.ExcelUtil.setExcelFile(ExcelUtil.java:31)
at com.crm.qa.util.ExcelUtil.setExcelFile(ExcelUtil.java:31)
at com.crm.qa.util.ExcelUtil.setExcelFile(ExcelUtil.java:31)
at com.crm.qa.util.ExcelUtil.setExcelFile(ExcelUtil.java:31)
at com.crm.qa.util.ExcelUtil.setExcelFile(ExcelUtil.java:31)
at com.crm.qa.util.ExcelUtil.setExcelFile(ExcelUtil.java:31)
at com.crm.qa.util.ExcelUtil.setExcelFile(ExcelUtil.java:31)
at com.crm.qa.util.ExcelUtil.setExcelFile(ExcelUtil.java:31)
at com.crm.qa.util.ExcelUtil.setExcelFile(ExcelUtil.java:31)
at com.crm.qa.util.ExcelUtil.setExcelFile(ExcelUtil.java:31)
at com.crm.qa.util.ExcelUtil.setExcelFile(ExcelUtil.java:31)
at com.crm.qa.util.ExcelUtil.setExcelFile(ExcelUtil.java:31)
at com.crm.qa.util.ExcelUtil.setExcelFile(ExcelUtil.java:31)
at com.crm.qa.util.ExcelUtil.setExcelFile(ExcelUtil.java:31)
at com.crm.qa.util.ExcelUtil.setExcelFile(ExcelUtil.java:31)
at com.crm.qa.util.ExcelUtil.setExcelFile(ExcelUtil.java:31)
at com.crm.qa.util.ExcelUtil.setExcelFile(ExcelUtil.java:31)
at com.crm.qa.util.ExcelUtil.setExcelFile(ExcelUtil.java:31)
at com.crm.qa.util.ExcelUtil.setExcelFile(ExcelUtil.java:31)
at com.crm.qa.util.ExcelUtil.setExcelFile(ExcelUtil.java:31)
at com.crm.qa.util.ExcelUtil.setExcelFile(ExcelUtil.java:31)
at com.crm.qa.util.ExcelUtil.setExcelFile(ExcelUtil.java:31)
at com.crm.qa.util.ExcelUtil.setExcelFile(ExcelUtil.java:31)
at com.crm.qa.util.ExcelUtil.setExcelFile(ExcelUtil.java:31)
at com.crm.qa.util.ExcelUtil.setExcelFile(ExcelUtil.java:31)
at com.crm.qa.util.ExcelUtil.setExcelFile(ExcelUtil.java:31)
at com.crm.qa.util.ExcelUtil.setExcelFile(ExcelUtil.java:31)
at com.crm.qa.util.ExcelUtil.setExcelFile(ExcelUtil.java:31)
at com.crm.qa.util.ExcelUtil.setExcelFile(ExcelUtil.java:31)
at com.crm.qa.util.ExcelUtil.setExcelFile(ExcelUtil.java:31)
at com.crm.qa.util.ExcelUtil.setExcelFile(ExcelUtil.java:31)
at com.crm.qa.util.ExcelUtil.setExcelFile(ExcelUtil.java:31)
at com.crm.qa.util.ExcelUtil.setExcelFile(ExcelUtil.java:31)
at com.crm.qa.util.ExcelUtil.setExcelFile(ExcelUtil.java:31)
at com.crm.qa.util.ExcelUtil.setExcelFile(ExcelUtil.java:31)
at com.crm.qa.util.ExcelUtil.setExcelFile(ExcelUtil.java:31)
at com.crm.qa.util.ExcelUtil.setExcelFile(ExcelUtil.java:31)
at com.crm.qa.util.ExcelUtil.setExcelFile(ExcelUtil.java:31)
at com.crm.qa.util.ExcelUtil.setExcelFile(ExcelUtil.java:31)
at com.crm.qa.util.ExcelUtil.setExcelFile(ExcelUtil.java:31)
at com.crm.qa.util.ExcelUtil.setExcelFile(ExcelUtil.java:31)
at com.crm.qa.util.ExcelUtil.setExcelFile(ExcelUtil.java:31)
at com.crm.qa.util.ExcelUtil.setExcelFile(ExcelUtil.java:31)
at com.crm.qa.util.ExcelUtil.setExcelFile(ExcelUtil.java:31)
at com.crm.qa.util.ExcelUtil.setExcelFile(ExcelUtil.java:31)
at com.crm.qa.util.ExcelUtil.setExcelFile(ExcelUtil.java:31)
at com.crm.qa.util.ExcelUtil.setExcelFile(ExcelUtil.java:31)
at com.crm.qa.util.ExcelUtil.setExcelFile(ExcelUtil.java:31)
at com.crm.qa.util.ExcelUtil.setExcelFile(ExcelUtil.java:31)
at com.crm.qa.util.ExcelUtil.setExcelFile(ExcelUtil.java:31)
at com.crm.qa.util.ExcelUtil.setExcelFile(ExcelUtil.java:31)
at com.crm.qa.util.ExcelUtil.setExcelFile(ExcelUtil.java:31)
at com.crm.qa.util.ExcelUtil.setExcelFile(ExcelUtil.java:31)
at com.crm.qa.util.ExcelUtil.setExcelFile(ExcelUtil.java:31)
at com.crm.qa.util.ExcelUtil.setExcelFile(ExcelUtil.java:31)
at com.crm.qa.util.ExcelUtil.setExcelFile(ExcelUtil.java:31)
at com.crm.qa.util.ExcelUtil.setExcelFile(ExcelUtil.java:31)
at com.crm.qa.util.ExcelUtil.setExcelFile(ExcelUtil.java:31)
at com.crm.qa.util.ExcelUtil.setExcelFile(ExcelUtil.java:31)
at com.crm.qa.util.ExcelUtil.setExcelFile(ExcelUtil.java:31)
at com.crm.qa.util.ExcelUtil.setExcelFile(ExcelUtil.java:31)
at com.crm.qa.util.ExcelUtil.setExcelFile(ExcelUtil.java:31)
at com.crm.qa.util.ExcelUtil.setExcelFile(ExcelUtil.java:31)
at com.crm.qa.util.ExcelUtil.setExcelFile(ExcelUtil.java:31)
at com.crm.qa.util.ExcelUtil.setExcelFile(ExcelUtil.java:31)
at com.crm.qa.util.ExcelUtil.setExcelFile(ExcelUtil.java:31)
at com.crm.qa.util.ExcelUtil.setExcelFile(ExcelUtil.java:31)
at com.crm.qa.util.ExcelUtil.setExcelFile(ExcelUtil.java:31)
at com.crm.qa.util.ExcelUtil.setExcelFile(ExcelUtil.java:31)
at com.crm.qa.util.ExcelUtil.setExcelFile(ExcelUtil.java:31)
at com.crm.qa.util.ExcelUtil.setExcelFile(ExcelUtil.java:31)
at com.crm.qa.util.ExcelUtil.setExcelFile(ExcelUtil.java:31)
at com.crm.qa.util.ExcelUtil.setExcelFile(ExcelUtil.java:31)
at com.crm.qa.util.ExcelUtil.setExcelFile(ExcelUtil.java:31)
at com.crm.qa.util.ExcelUtil.setExcelFile(ExcelUtil.java:31)
at com.crm.qa.util.ExcelUtil.setExcelFile(ExcelUtil.java:31)
at com.crm.qa.util.ExcelUtil.setExcelFile(ExcelUtil.java:31)
at com.crm.qa.util.ExcelUtil.setExcelFile(ExcelUtil.java:31)
at com.crm.qa.util.ExcelUtil.setExcelFile(ExcelUtil.java:31)
at com.crm.qa.util.ExcelUtil.setExcelFile(ExcelUtil.java:31)
at com.crm.qa.util.ExcelUtil.setExcelFile(ExcelUtil.java:31)
at com.crm.qa.util.ExcelUtil.setExcelFile(ExcelUtil.java:31)
at com.crm.qa.util.ExcelUtil.setExcelFile(ExcelUtil.java:31)
at com.crm.qa.util.ExcelUtil.setExcelFile(ExcelUtil.java:31)
at com.crm.qa.util.ExcelUtil.setExcelFile(ExcelUtil.java:31)
at com.crm.qa.util.ExcelUtil.setExcelFile(ExcelUtil.java:31)
at com.crm.qa.util.ExcelUtil.setExcelFile(ExcelUtil.java:31)
at com.crm.qa.util.ExcelUtil.setExcelFile(ExcelUtil.java:31)
at com.crm.qa.util.ExcelUtil.setExcelFile(ExcelUtil.java:31)
at com.crm.qa.util.ExcelUtil.setExcelFile(ExcelUtil.java:31)
at com.crm.qa.util.ExcelUtil.setExcelFile(ExcelUtil.java:31)
at com.crm.qa.util.ExcelUtil.setExcelFile(ExcelUtil.java:31)
at com.crm.qa.util.ExcelUtil.setExcelFile(ExcelUtil.java:31)
at com.crm.qa.util.ExcelUtil.setExcelFile(ExcelUtil.java:31)
at com.crm.qa.util.ExcelUtil.setExcelFile(ExcelUtil.java:31)
at com.crm.qa.util.ExcelUtil.setExcelFile(ExcelUtil.java:31)
at com.crm.qa.util.ExcelUtil.setExcelFile(ExcelUtil.java:31)
at com.crm.qa.util.ExcelUtil.setExcelFile(ExcelUtil.java:31)
at com.crm.qa.util.ExcelUtil.setExcelFile(ExcelUtil.java:31)
at com.crm.qa.util.ExcelUtil.setExcelFile(ExcelUtil.java:31)
at com.crm.qa.util.ExcelUtil.setExcelFile(ExcelUtil.java:31)
at com.crm.qa.util.ExcelUtil.setExcelFile(ExcelUtil.java:31)
at com.crm.qa.util.ExcelUtil.setExcelFile(ExcelUtil.java:31)
at com.crm.qa.util.ExcelUtil.setExcelFile(ExcelUtil.java:31)
at com.crm.qa.util.ExcelUtil.setExcelFile(ExcelUtil.java:31)
at com.crm.qa.util.ExcelUtil.setExcelFile(ExcelUtil.java:31)
at com.crm.qa.util.ExcelUtil.setExcelFile(ExcelUtil.java:31)
at com.crm.qa.util.ExcelUtil.setExcelFile(ExcelUtil.java:31)
at com.crm.qa.util.ExcelUtil.setExcelFile(ExcelUtil.java:31)
at com.crm.qa.util.ExcelUtil.setExcelFile(ExcelUtil.java:31)
at com.crm.qa.util.ExcelUtil.setExcelFile(ExcelUtil.java:31)
at com.crm.qa.util.ExcelUtil.setExcelFile(ExcelUtil.java:31)
at com.crm.qa.util.ExcelUtil.setExcelFile(ExcelUtil.java:31)
at com.crm.qa.util.ExcelUtil.setExcelFile(ExcelUtil.java:31)
at com.crm.qa.util.ExcelUtil.setExcelFile(ExcelUtil.java:31)
at com.crm.qa.util.ExcelUtil.setExcelFile(ExcelUtil.java:31)
at com.crm.qa.util.ExcelUtil.setExcelFile(ExcelUtil.java:31)
at com.crm.qa.util.ExcelUtil.setExcelFile(ExcelUtil.java:31)
at com.crm.qa.util.ExcelUtil.setExcelFile(ExcelUtil.java:31)
at com.crm.qa.util.ExcelUtil.setExcelFile(ExcelUtil.java:31)
at com.crm.qa.util.ExcelUtil.setExcelFile(ExcelUtil.java:31)
at com.crm.qa.util.ExcelUtil.setExcelFile(ExcelUtil.java:31)
at com.crm.qa.util.ExcelUtil.setExcelFile(ExcelUtil.java:31)
at com.crm.qa.util.ExcelUtil.setExcelFile(ExcelUtil.java:31)
at com.crm.qa.util.ExcelUtil.setExcelFile(ExcelUtil.java:31)
at com.crm.qa.util.ExcelUtil.setExcelFile(ExcelUtil.java:31)
at com.crm.qa.util.ExcelUtil.setExcelFile(ExcelUtil.java:31)
at com.crm.qa.util.ExcelUtil.setExcelFile(ExcelUtil.java:31)
at com.crm.qa.util.ExcelUtil.setExcelFile(ExcelUtil.java:31)
at com.crm.qa.util.ExcelUtil.setExcelFile(ExcelUtil.java:31)
at com.crm.qa.util.ExcelUtil.setExcelFile(ExcelUtil.java:31)
at com.crm.qa.util.ExcelUtil.setExcelFile(ExcelUtil.java:31)
at com.crm.qa.util.ExcelUtil.setExcelFile(ExcelUtil.java:31)
at com.crm.qa.util.ExcelUtil.setExcelFile(ExcelUtil.java:31)
at com.crm.qa.util.ExcelUtil.setExcelFile(ExcelUtil.java:31)
at com.crm.qa.util.ExcelUtil.setExcelFile(ExcelUtil.java:31)
at com.crm.qa.util.ExcelUtil.setExcelFile(ExcelUtil.java:31)
at com.crm.qa.util.ExcelUtil.setExcelFile(ExcelUtil.java:31)
at com.crm.qa.util.ExcelUtil.setExcelFile(ExcelUtil.java:31)
at com.crm.qa.util.ExcelUtil.setExcelFile(ExcelUtil.java:31)
at com.crm.qa.util.ExcelUtil.setExcelFile(ExcelUtil.java:31)
at com.crm.qa.util.ExcelUtil.setExcelFile(ExcelUtil.java:31)
at com.crm.qa.util.ExcelUtil.setExcelFile(ExcelUtil.java:31)
at com.crm.qa.util.ExcelUtil.setExcelFile(ExcelUtil.java:31)
at com.crm.qa.util.ExcelUtil.setExcelFile(ExcelUtil.java:31)
at com.crm.qa.util.ExcelUtil.setExcelFile(ExcelUtil.java:31)
at com.crm.qa.util.ExcelUtil.setExcelFile(ExcelUtil.java:31)
at com.crm.qa.util.ExcelUtil.setExcelFile(ExcelUtil.java:31)
at com.crm.qa.util.ExcelUtil.setExcelFile(ExcelUtil.java:31)
at com.crm.qa.util.ExcelUtil.setExcelFile(ExcelUtil.java:31)
at com.crm.qa.util.ExcelUtil.setExcelFile(ExcelUtil.java:31)
at com.crm.qa.util.ExcelUtil.setExcelFile(ExcelUtil.java:31)
at com.crm.qa.util.ExcelUtil.setExcelFile(ExcelUtil.java:31)
at com.crm.qa.util.ExcelUtil.setExcelFile(ExcelUtil.java:31)
at com.crm.qa.util.ExcelUtil.setExcelFile(ExcelUtil.java:31)
at com.crm.qa.util.ExcelUtil.setExcelFile(ExcelUtil.java:31)
at com.crm.qa.util.ExcelUtil.setExcelFile(ExcelUtil.java:31)
at com.crm.qa.util.ExcelUtil.setExcelFile(ExcelUtil.java:31)
at com.crm.qa.util.ExcelUtil.setExcelFile(ExcelUtil.java:31)
at com.crm.qa.util.ExcelUtil.setExcelFile(ExcelUtil.java:31)
at com.crm.qa.util.ExcelUtil.setExcelFile(ExcelUtil.java:31)
at com.crm.qa.util.ExcelUtil.setExcelFile(ExcelUtil.java:31)
at com.crm.qa.util.ExcelUtil.setExcelFile(ExcelUtil.java:31)
at com.crm.qa.util.ExcelUtil.setExcelFile(ExcelUtil.java:31)
at com.crm.qa.util.ExcelUtil.setExcelFile(ExcelUtil.java:31)
at com.crm.qa.util.ExcelUtil.setExcelFile(ExcelUtil.java:31)
at com.crm.qa.util.ExcelUtil.setExcelFile(ExcelUtil.java:31)
at com.crm.qa.util.ExcelUtil.setExcelFile(ExcelUtil.java:31)
at com.crm.qa.util.ExcelUtil.setExcelFile(ExcelUtil.java:31)
at com.crm.qa.util.ExcelUtil.setExcelFile(ExcelUtil.java:31)
at com.crm.qa.util.ExcelUtil.setExcelFile(ExcelUtil.java:31)
at com.crm.qa.util.ExcelUtil.setExcelFile(ExcelUtil.java:31)
at com.crm.qa.util.ExcelUtil.setExcelFile(ExcelUtil.java:31)
at com.crm.qa.util.ExcelUtil.setExcelFile(ExcelUtil.java:31)
at com.crm.qa.util.ExcelUtil.setExcelFile(ExcelUtil.java:31)
at com.crm.qa.util.ExcelUtil.setExcelFile(ExcelUtil.java:31)
at com.crm.qa.util.ExcelUtil.setExcelFile(ExcelUtil.java:31)
at com.crm.qa.util.ExcelUtil.setExcelFile(ExcelUtil.java:31)
at com.crm.qa.util.ExcelUtil.setExcelFile(ExcelUtil.java:31)
at com.crm.qa.util.ExcelUtil.setExcelFile(ExcelUtil.java:31)
at com.crm.qa.util.ExcelUtil.setExcelFile(ExcelUtil.java:31)
at com.crm.qa.util.ExcelUtil.setExcelFile(ExcelUtil.java:31)
at com.crm.qa.util.ExcelUtil.setExcelFile(ExcelUtil.java:31)
at com.crm.qa.util.ExcelUtil.setExcelFile(ExcelUtil.java:31)
at com.crm.qa.util.ExcelUtil.setExcelFile(ExcelUtil.java:31)
at com.crm.qa.util.ExcelUtil.setExcelFile(ExcelUtil.java:31)
at com.crm.qa.util.ExcelUtil.setExcelFile(ExcelUtil.java:31)
at com.crm.qa.util.ExcelUtil.setExcelFile(ExcelUtil.java:31)
at com.crm.qa.util.ExcelUtil.setExcelFile(ExcelUtil.java:31)
at com.crm.qa.util.ExcelUtil.setExcelFile(ExcelUtil.java:31)
at com.crm.qa.util.ExcelUtil.setExcelFile(ExcelUtil.java:31)
at com.crm.qa.util.ExcelUtil.setExcelFile(ExcelUtil.java:31)
at com.crm.qa.util.ExcelUtil.setExcelFile(ExcelUtil.java:31)
at com.crm.qa.util.ExcelUtil.setExcelFile(ExcelUtil.java:31)
at com.crm.qa.util.ExcelUtil.setExcelFile(ExcelUtil.java:31)
at com.crm.qa.util.ExcelUtil.setExcelFile(ExcelUtil.java:31)
at com.crm.qa.util.ExcelUtil.setExcelFile(ExcelUtil.java:31)
at com.crm.qa.util.ExcelUtil.setExcelFile(ExcelUtil.java:31)
at com.crm.qa.util.ExcelUtil.setExcelFile(ExcelUtil.java:31)
at com.crm.qa.util.ExcelUtil.setExcelFile(ExcelUtil.java:31)
at com.crm.qa.util.ExcelUtil.setExcelFile(ExcelUtil.java:31)
at com.crm.qa.util.ExcelUtil.setExcelFile(ExcelUtil.java:31)
at com.crm.qa.util.ExcelUtil.setExcelFile(ExcelUtil.java:31)
at com.crm.qa.util.ExcelUtil.setExcelFile(ExcelUtil.java:31)
at com.crm.qa.util.ExcelUtil.setExcelFile(ExcelUtil.java:31)
at com.crm.qa.util.ExcelUtil.setExcelFile(ExcelUtil.java:31)
at com.crm.qa.util.ExcelUtil.setExcelFile(ExcelUtil.java:31)
at com.crm.qa.util.ExcelUtil.setExcelFile(ExcelUtil.java:31)
at com.crm.qa.util.ExcelUtil.setExcelFile(ExcelUtil.java:31)
at com.crm.qa.util.ExcelUtil.setExcelFile(ExcelUtil.java:31)
at com.crm.qa.util.ExcelUtil.setExcelFile(ExcelUtil.java:31)
at com.crm.qa.util.ExcelUtil.setExcelFile(ExcelUtil.java:31)
at com.crm.qa.util.ExcelUtil.setExcelFile(ExcelUtil.java:31)
at com.crm.qa.util.ExcelUtil.setExcelFile(ExcelUtil.java:31)
at com.crm.qa.util.ExcelUtil.setExcelFile(ExcelUtil.java:31)
at com.crm.qa.util.ExcelUtil.setExcelFile(ExcelUtil.java:31)
at com.crm.qa.util.ExcelUtil.setExcelFile(ExcelUtil.java:31)
at com.crm.qa.util.ExcelUtil.setExcelFile(ExcelUtil.java:31)
at com.crm.qa.util.ExcelUtil.setExcelFile(ExcelUtil.java:31)
at com.crm.qa.util.ExcelUtil.setExcelFile(ExcelUtil.java:31)
at com.crm.qa.util.ExcelUtil.setExcelFile(ExcelUtil.java:31)
at com.crm.qa.util.ExcelUtil.setExcelFile(ExcelUtil.java:31)
at com.crm.qa.util.ExcelUtil.setExcelFile(ExcelUtil.java:31)
at com.crm.qa.util.ExcelUtil.setExcelFile(ExcelUtil.java:31)
at com.crm.qa.util.ExcelUtil.setExcelFile(ExcelUtil.java:31)
at com.crm.qa.util.ExcelUtil.setExcelFile(ExcelUtil.java:31)
at com.crm.qa.util.ExcelUtil.setExcelFile(ExcelUtil.java:31)
at com.crm.qa.util.ExcelUtil.setExcelFile(ExcelUtil.java:31)
at com.crm.qa.util.ExcelUtil.setExcelFile(ExcelUtil.java:31)
at com.crm.qa.util.ExcelUtil.setExcelFile(ExcelUtil.java:31)
at com.crm.qa.util.ExcelUtil.setExcelFile(ExcelUtil.java:31)
at com.crm.qa.util.ExcelUtil.setExcelFile(ExcelUtil.java:31)
at com.crm.qa.util.ExcelUtil.setExcelFile(ExcelUtil.java:31)
at com.crm.qa.util.ExcelUtil.setExcelFile(ExcelUtil.java:31)
at com.crm.qa.util.ExcelUtil.setExcelFile(ExcelUtil.java:31)
at com.crm.qa.util.ExcelUtil.setExcelFile(ExcelUtil.java:31)
at com.crm.qa.util.ExcelUtil.setExcelFile(ExcelUtil.java:31)
at com.crm.qa.util.ExcelUtil.setExcelFile(ExcelUtil.java:31)
at com.crm.qa.util.ExcelUtil.setExcelFile(ExcelUtil.java:31)
at com.crm.qa.util.ExcelUtil.setExcelFile(ExcelUtil.java:31)
at com.crm.qa.util.ExcelUtil.setExcelFile(ExcelUtil.java:31)
at com.crm.qa.util.ExcelUtil.setExcelFile(ExcelUtil.java:31)
at com.crm.qa.util.ExcelUtil.setExcelFile(ExcelUtil.java:31)
at com.crm.qa.util.ExcelUtil.setExcelFile(ExcelUtil.java:31)
at com.crm.qa.util.ExcelUtil.setExcelFile(ExcelUtil.java:31)
at com.crm.qa.util.ExcelUtil.setExcelFile(ExcelUtil.java:31)
at com.crm.qa.util.ExcelUtil.setExcelFile(ExcelUtil.java:31)
at com.crm.qa.util.ExcelUtil.setExcelFile(ExcelUtil.java:31)
at com.crm.qa.util.ExcelUtil.setExcelFile(ExcelUtil.java:31)
at com.crm.qa.util.ExcelUtil.setExcelFile(ExcelUtil.java:31)
at com.crm.qa.util.ExcelUtil.setExcelFile(ExcelUtil.java:31)
at com.crm.qa.util.ExcelUtil.setExcelFile(ExcelUtil.java:31)
at com.crm.qa.util.ExcelUtil.setExcelFile(ExcelUtil.java:31)
at com.crm.qa.util.ExcelUtil.setExcelFile(ExcelUtil.java:31)
at com.crm.qa.util.ExcelUtil.setExcelFile(ExcelUtil.java:31)
at com.crm.qa.util.ExcelUtil.setExcelFile(ExcelUtil.java:31)
at com.crm.qa.util.ExcelUtil.setExcelFile(ExcelUtil.java:31)
at com.crm.qa.util.ExcelUtil.setExcelFile(ExcelUtil.java:31)
at com.crm.qa.util.ExcelUtil.setExcelFile(ExcelUtil.java:31)
at com.crm.qa.util.ExcelUtil.setExcelFile(ExcelUtil.java:31)
at com.crm.qa.util.ExcelUtil.setExcelFile(ExcelUtil.java:31)
at com.crm.qa.util.ExcelUtil.setExcelFile(ExcelUtil.java:31)
at com.crm.qa.util.ExcelUtil.setExcelFile(ExcelUtil.java:31)
at com.crm.qa.util.ExcelUtil.setExcelFile(ExcelUtil.java:31)
at com.crm.qa.util.ExcelUtil.setExcelFile(ExcelUtil.java:31)
at com.crm.qa.util.ExcelUtil.setExcelFile(ExcelUtil.java:31)
at com.crm.qa.util.ExcelUtil.setExcelFile(ExcelUtil.java:31)
at com.crm.qa.util.ExcelUtil.setExcelFile(ExcelUtil.java:31)
at com.crm.qa.util.ExcelUtil.setExcelFile(ExcelUtil.java:31)
at com.crm.qa.util.ExcelUtil.setExcelFile(ExcelUtil.java:31)
at com.crm.qa.util.ExcelUtil.setExcelFile(ExcelUtil.java:31)
at com.crm.qa.util.ExcelUtil.setExcelFile(ExcelUtil.java:31)
at com.crm.qa.util.ExcelUtil.setExcelFile(ExcelUtil.java:31)
at com.crm.qa.util.ExcelUtil.setExcelFile(ExcelUtil.java:31)
at com.crm.qa.util.ExcelUtil.setExcelFile(ExcelUtil.java:31)
at com.crm.qa.util.ExcelUtil.setExcelFile(ExcelUtil.java:31)
at com.crm.qa.util.ExcelUtil.setExcelFile(ExcelUtil.java:31)
at com.crm.qa.util.ExcelUtil.setExcelFile(ExcelUtil.java:31)
at com.crm.qa.util.ExcelUtil.setExcelFile(ExcelUtil.java:31)
at com.crm.qa.util.ExcelUtil.setExcelFile(ExcelUtil.java:31)
at com.crm.qa.util.ExcelUtil.setExcelFile(ExcelUtil.java:31)
at com.crm.qa.util.ExcelUtil.setExcelFile(ExcelUtil.java:31)
at com.crm.qa.util.ExcelUtil.setExcelFile(ExcelUtil.java:31)
at com.crm.qa.util.ExcelUtil.setExcelFile(ExcelUtil.java:31)
at com.crm.qa.util.ExcelUtil.setExcelFile(ExcelUtil.java:31)
at com.crm.qa.util.ExcelUtil.setExcelFile(ExcelUtil.java:31)
at com.crm.qa.util.ExcelUtil.setExcelFile(ExcelUtil.java:31)
at com.crm.qa.util.ExcelUtil.setExcelFile(ExcelUtil.java:31)
at com.crm.qa.util.ExcelUtil.setExcelFile(ExcelUtil.java:31)
at com.crm.qa.util.ExcelUtil.setExcelFile(ExcelUtil.java:31)
at com.crm.qa.util.ExcelUtil.setExcelFile(ExcelUtil.java:31)
at com.crm.qa.util.ExcelUtil.setExcelFile(ExcelUtil.java:31)
at com.crm.qa.util.ExcelUtil.setExcelFile(ExcelUtil.java:31)
at com.crm.qa.util.ExcelUtil.setExcelFile(ExcelUtil.java:31)
at com.crm.qa.util.ExcelUtil.setExcelFile(ExcelUtil.java:31)
at com.crm.qa.util.ExcelUtil.setExcelFile(ExcelUtil.java:31)
at com.crm.qa.util.ExcelUtil.setExcelFile(ExcelUtil.java:31)
at com.crm.qa.util.ExcelUtil.setExcelFile(ExcelUtil.java:31)
at com.crm.qa.util.ExcelUtil.setExcelFile(ExcelUtil.java:31)
at com.crm.qa.util.ExcelUtil.setExcelFile(ExcelUtil.java:31)
at com.crm.qa.util.ExcelUtil.setExcelFile(ExcelUtil.java:31)
at com.crm.qa.util.ExcelUtil.setExcelFile(ExcelUtil.java:31)
at com.crm.qa.util.ExcelUtil.setExcelFile(ExcelUtil.java:31)
at com.crm.qa.util.ExcelUtil.setExcelFile(ExcelUtil.java:31)
at com.crm.qa.util.ExcelUtil.setExcelFile(ExcelUtil.java:31)
at com.crm.qa.util.ExcelUtil.setExcelFile(ExcelUtil.java:31)
at com.crm.qa.util.ExcelUtil.setExcelFile(ExcelUtil.java:31)
at com.crm.qa.util.ExcelUtil.setExcelFile(ExcelUtil.java:31)
at com.crm.qa.util.ExcelUtil.setExcelFile(ExcelUtil.java:31)
at com.crm.qa.util.ExcelUtil.setExcelFile(ExcelUtil.java:31)
at com.crm.qa.util.ExcelUtil.setExcelFile(ExcelUtil.java:31)
at com.crm.qa.util.ExcelUtil.setExcelFile(ExcelUtil.java:31)
at com.crm.qa.util.ExcelUtil.setExcelFile(ExcelUtil.java:31)
at com.crm.qa.util.ExcelUtil.setExcelFile(ExcelUtil.java:31)
at com.crm.qa.util.ExcelUtil.setExcelFile(ExcelUtil.java:31)
at com.crm.qa.util.ExcelUtil.setExcelFile(ExcelUtil.java:31)
at com.crm.qa.util.ExcelUtil.setExcelFile(ExcelUtil.java:31)
at com.crm.qa.util.ExcelUtil.setExcelFile(ExcelUtil.java:31)
at com.crm.qa.util.ExcelUtil.setExcelFile(ExcelUtil.java:31)
at com.crm.qa.util.ExcelUtil.setExcelFile(ExcelUtil.java:31)
at com.crm.qa.util.ExcelUtil.setExcelFile(ExcelUtil.java:31)
at com.crm.qa.util.ExcelUtil.setExcelFile(ExcelUtil.java:31)
at com.crm.qa.util.ExcelUtil.setExcelFile(ExcelUtil.java:31)
at com.crm.qa.util.ExcelUtil.setExcelFile(ExcelUtil.java:31)
at com.crm.qa.util.ExcelUtil.setExcelFile(ExcelUtil.java:31)
at com.crm.qa.util.ExcelUtil.setExcelFile(ExcelUtil.java:31)
at com.crm.qa.util.ExcelUtil.setExcelFile(ExcelUtil.java:31)
at com.crm.qa.util.ExcelUtil.setExcelFile(ExcelUtil.java:31)
at com.crm.qa.util.ExcelUtil.setExcelFile(ExcelUtil.java:31)
at com.crm.qa.util.ExcelUtil.setExcelFile(ExcelUtil.java:31)
at com.crm.qa.util.ExcelUtil.setExcelFile(ExcelUtil.java:31)
at com.crm.qa.util.ExcelUtil.setExcelFile(ExcelUtil.java:31)
at com.crm.qa.util.ExcelUtil.setExcelFile(ExcelUtil.java:31)
at com.crm.qa.util.ExcelUtil.setExcelFile(ExcelUtil.java:31)
at com.crm.qa.util.ExcelUtil.setExcelFile(ExcelUtil.java:31)
at com.crm.qa.util.ExcelUtil.setExcelFile(ExcelUtil.java:31)
at com.crm.qa.util.ExcelUtil.setExcelFile(ExcelUtil.java:31)
at com.crm.qa.util.ExcelUtil.setExcelFile(ExcelUtil.java:31)
at com.crm.qa.util.ExcelUtil.setExcelFile(ExcelUtil.java:31)
at com.crm.qa.util.ExcelUtil.setExcelFile(ExcelUtil.java:31)
at com.crm.qa.util.ExcelUtil.setExcelFile(ExcelUtil.java:31)
at com.crm.qa.util.ExcelUtil.setExcelFile(ExcelUtil.java:31)
at com.crm.qa.util.ExcelUtil.setExcelFile(ExcelUtil.java:31)
at com.crm.qa.util.ExcelUtil.setExcelFile(ExcelUtil.java:31)
at com.crm.qa.util.ExcelUtil.setExcelFile(ExcelUtil.java:31)
at com.crm.qa.util.ExcelUtil.setExcelFile(ExcelUtil.java:31)
at com.crm.qa.util.ExcelUtil.setExcelFile(ExcelUtil.java:31)
at com.crm.qa.util.ExcelUtil.setExcelFile(ExcelUtil.java:31)
at com.crm.qa.util.ExcelUtil.setExcelFile(ExcelUtil.java:31)
at com.crm.qa.util.ExcelUtil.setExcelFile(ExcelUtil.java:31)
at com.crm.qa.util.ExcelUtil.setExcelFile(ExcelUtil.java:31)
at com.crm.qa.util.ExcelUtil.setExcelFile(ExcelUtil.java:31)
at com.crm.qa.util.ExcelUtil.setExcelFile(ExcelUtil.java:31)
at com.crm.qa.util.ExcelUtil.setExcelFile(ExcelUtil.java:31)
at com.crm.qa.util.ExcelUtil.setExcelFile(ExcelUtil.java:31)
at com.crm.qa.util.ExcelUtil.setExcelFile(ExcelUtil.java:31)
at com.crm.qa.util.ExcelUtil.setExcelFile(ExcelUtil.java:31)
at com.crm.qa.util.ExcelUtil.setExcelFile(ExcelUtil.java:31)
at com.crm.qa.util.ExcelUtil.setExcelFile(ExcelUtil.java:31)
at com.crm.qa.util.ExcelUtil.setExcelFile(ExcelUtil.java:31)
at com.crm.qa.util.ExcelUtil.setExcelFile(ExcelUtil.java:31)
at com.crm.qa.util.ExcelUtil.setExcelFile(ExcelUtil.java:31)
at com.crm.qa.util.ExcelUtil.setExcelFile(ExcelUtil.java:31)
at com.crm.qa.util.ExcelUtil.setExcelFile(ExcelUtil.java:31)
at com.crm.qa.util.ExcelUtil.setExcelFile(ExcelUtil.java:31)
at com.crm.qa.util.ExcelUtil.setExcelFile(ExcelUtil.java:31)
at com.crm.qa.util.ExcelUtil.setExcelFile(ExcelUtil.java:31)
at com.crm.qa.util.ExcelUtil.setExcelFile(ExcelUtil.java:31)
at com.crm.qa.util.ExcelUtil.setExcelFile(ExcelUtil.java:31)
at com.crm.qa.util.ExcelUtil.setExcelFile(ExcelUtil.java:31)
at com.crm.qa.util.ExcelUtil.setExcelFile(ExcelUtil.java:31)
at com.crm.qa.util.ExcelUtil.setExcelFile(ExcelUtil.java:31)
at com.crm.qa.util.ExcelUtil.setExcelFile(ExcelUtil.java:31)
at com.crm.qa.util.ExcelUtil.setExcelFile(ExcelUtil.java:31)
at com.crm.qa.util.ExcelUtil.setExcelFile(ExcelUtil.java:31)
at com.crm.qa.util.ExcelUtil.setExcelFile(ExcelUtil.java:31)
at com.crm.qa.util.ExcelUtil.setExcelFile(ExcelUtil.java:31)
at com.crm.qa.util.ExcelUtil.setExcelFile(ExcelUtil.java:31)
at com.crm.qa.util.ExcelUtil.setExcelFile(ExcelUtil.java:31)
at com.crm.qa.util.ExcelUtil.setExcelFile(ExcelUtil.java:31)
at com.crm.qa.util.ExcelUtil.setExcelFile(ExcelUtil.java:31)
at com.crm.qa.util.ExcelUtil.setExcelFile(ExcelUtil.java:31)
at com.crm.qa.util.ExcelUtil.setExcelFile(ExcelUtil.java:31)
at com.crm.qa.util.ExcelUtil.setExcelFile(ExcelUtil.java:31)
at com.crm.qa.util.ExcelUtil.setExcelFile(ExcelUtil.java:31)
at com.crm.qa.util.ExcelUtil.setExcelFile(ExcelUtil.java:31)
at com.crm.qa.util.ExcelUtil.setExcelFile(ExcelUtil.java:31)
at com.crm.qa.util.ExcelUtil.setExcelFile(ExcelUtil.java:31)
at com.crm.qa.util.ExcelUtil.setExcelFile(ExcelUtil.java:31)
at com.crm.qa.util.ExcelUtil.setExcelFile(ExcelUtil.java:31)
at com.crm.qa.util.ExcelUtil.setExcelFile(ExcelUtil.java:31)
at com.crm.qa.util.ExcelUtil.setExcelFile(ExcelUtil.java:31)
at com.crm.qa.util.ExcelUtil.setExcelFile(ExcelUtil.java:31)
at com.crm.qa.util.ExcelUtil.setExcelFile(ExcelUtil.java:31)
at com.crm.qa.util.ExcelUtil.setExcelFile(ExcelUtil.java:31)
at com.crm.qa.util.ExcelUtil.setExcelFile(ExcelUtil.java:31)
at com.crm.qa.util.ExcelUtil.setExcelFile(ExcelUtil.java:31)
at com.crm.qa.util.ExcelUtil.setExcelFile(ExcelUtil.java:31)
at com.crm.qa.util.ExcelUtil.setExcelFile(ExcelUtil.java:31)
at com.crm.qa.util.ExcelUtil.setExcelFile(ExcelUtil.java:31)
at com.crm.qa.util.ExcelUtil.setExcelFile(ExcelUtil.java:31)
at com.crm.qa.util.ExcelUtil.setExcelFile(ExcelUtil.java:31)
at com.crm.qa.util.ExcelUtil.setExcelFile(ExcelUtil.java:31)
at com.crm.qa.util.ExcelUtil.setExcelFile(ExcelUtil.java:31)
at com.crm.qa.util.ExcelUtil.setExcelFile(ExcelUtil.java:31)
at com.crm.qa.util.ExcelUtil.setExcelFile(ExcelUtil.java:31)
at com.crm.qa.util.ExcelUtil.setExcelFile(ExcelUtil.java:31)
at com.crm.qa.util.ExcelUtil.setExcelFile(ExcelUtil.java:31)
at com.crm.qa.util.ExcelUtil.setExcelFile(ExcelUtil.java:31)
at com.crm.qa.util.ExcelUtil.setExcelFile(ExcelUtil.java:31)
at com.crm.qa.util.ExcelUtil.setExcelFile(ExcelUtil.java:31)
at com.crm.qa.util.ExcelUtil.setExcelFile(ExcelUtil.java:31)
at com.crm.qa.util.ExcelUtil.setExcelFile(ExcelUtil.java:31)
at com.crm.qa.util.ExcelUtil.setExcelFile(ExcelUtil.java:31)
at com.crm.qa.util.ExcelUtil.setExcelFile(ExcelUtil.java:31)
at com.crm.qa.util.ExcelUtil.setExcelFile(ExcelUtil.java:31)
at com.crm.qa.util.ExcelUtil.setExcelFile(ExcelUtil.java:31)
at com.crm.qa.util.ExcelUtil.setExcelFile(ExcelUtil.java:31)
at com.crm.qa.util.ExcelUtil.setExcelFile(ExcelUtil.java:31)
at com.crm.qa.util.ExcelUtil.setExcelFile(ExcelUtil.java:31)
at com.crm.qa.util.ExcelUtil.setExcelFile(ExcelUtil.java:31)
at com.crm.qa.util.ExcelUtil.setExcelFile(ExcelUtil.java:31)
at com.crm.qa.util.ExcelUtil.setExcelFile(ExcelUtil.java:31)
at com.crm.qa.util.ExcelUtil.setExcelFile(ExcelUtil.java:31)
at com.crm.qa.util.ExcelUtil.setExcelFile(ExcelUtil.java:31)
at com.crm.qa.util.ExcelUtil.setExcelFile(ExcelUtil.java:31)
at com.crm.qa.util.ExcelUtil.setExcelFile(ExcelUtil.java:31)
at com.crm.qa.util.ExcelUtil.setExcelFile(ExcelUtil.java:31)
at com.crm.qa.util.ExcelUtil.setExcelFile(ExcelUtil.java:31)
at com.crm.qa.util.ExcelUtil.setExcelFile(ExcelUtil.java:31)
at com.crm.qa.util.ExcelUtil.setExcelFile(ExcelUtil.java:31)
at com.crm.qa.util.ExcelUtil.setExcelFile(ExcelUtil.java:31)
at com.crm.qa.util.ExcelUtil.setExcelFile(ExcelUtil.java:31)
at com.crm.qa.util.ExcelUtil.setExcelFile(ExcelUtil.java:31)
at com.crm.qa.util.ExcelUtil.setExcelFile(ExcelUtil.java:31)
at com.crm.qa.util.ExcelUtil.setExcelFile(ExcelUtil.java:31)
at com.crm.qa.util.ExcelUtil.setExcelFile(ExcelUtil.java:31)
at com.crm.qa.util.ExcelUtil.setExcelFile(ExcelUtil.java:31)
at com.crm.qa.util.ExcelUtil.setExcelFile(ExcelUtil.java:31)
at com.crm.qa.util.ExcelUtil.setExcelFile(ExcelUtil.java:31)
at com.crm.qa.util.ExcelUtil.setExcelFile(ExcelUtil.java:31)
at com.crm.qa.util.ExcelUtil.setExcelFile(ExcelUtil.java:31)
at com.crm.qa.util.ExcelUtil.setExcelFile(ExcelUtil.java:31)
at com.crm.qa.util.ExcelUtil.setExcelFile(ExcelUtil.java:31)
at com.crm.qa.util.ExcelUtil.setExcelFile(ExcelUtil.java:31)
at com.crm.qa.util.ExcelUtil.setExcelFile(ExcelUtil.java:31)
at com.crm.qa.util.ExcelUtil.setExcelFile(ExcelUtil.java:31)
at com.crm.qa.util.ExcelUtil.setExcelFile(ExcelUtil.java:31)
at com.crm.qa.util.ExcelUtil.setExcelFile(ExcelUtil.java:31)
at com.crm.qa.util.ExcelUtil.setExcelFile(ExcelUtil.java:31)
at com.crm.qa.util.ExcelUtil.setExcelFile(ExcelUtil.java:31)
at com.crm.qa.util.ExcelUtil.setExcelFile(ExcelUtil.java:31)
at com.crm.qa.util.ExcelUtil.setExcelFile(ExcelUtil.java:31)
at com.crm.qa.util.ExcelUtil.setExcelFile(ExcelUtil.java:31)
at com.crm.qa.util.ExcelUtil.setExcelFile(ExcelUtil.java:31)
at com.crm.qa.util.ExcelUtil.setExcelFile(ExcelUtil.java:31)
at com.crm.qa.util.ExcelUtil.setExcelFile(ExcelUtil.java:31)
at com.crm.qa.util.ExcelUtil.setExcelFile(ExcelUtil.java:31)
at com.crm.qa.util.ExcelUtil.setExcelFile(ExcelUtil.java:31)
at com.crm.qa.util.ExcelUtil.setExcelFile(ExcelUtil.java:31)
at com.crm.qa.util.ExcelUtil.setExcelFile(ExcelUtil.java:31)
at com.crm.qa.util.ExcelUtil.setExcelFile(ExcelUtil.java:31)
at com.crm.qa.util.ExcelUtil.setExcelFile(ExcelUtil.java:31)
at com.crm.qa.util.ExcelUtil.setExcelFile(ExcelUtil.java:31)
at com.crm.qa.util.ExcelUtil.setExcelFile(ExcelUtil.java:31)
at com.crm.qa.util.ExcelUtil.setExcelFile(ExcelUtil.java:31)
at com.crm.qa.util.ExcelUtil.setExcelFile(ExcelUtil.java:31)
at com.crm.qa.util.ExcelUtil.setExcelFile(ExcelUtil.java:31)
at com.crm.qa.util.ExcelUtil.setExcelFile(ExcelUtil.java:31)
at com.crm.qa.util.ExcelUtil.setExcelFile(ExcelUtil.java:31)
at com.crm.qa.util.ExcelUtil.setExcelFile(ExcelUtil.java:31)
at com.crm.qa.util.ExcelUtil.setExcelFile(ExcelUtil.java:31)
at com.crm.qa.util.ExcelUtil.setExcelFile(ExcelUtil.java:31)
at com.crm.qa.util.ExcelUtil.setExcelFile(ExcelUtil.java:31)
at com.crm.qa.util.ExcelUtil.setExcelFile(ExcelUtil.java:31)
at com.crm.qa.util.ExcelUtil.setExcelFile(ExcelUtil.java:31)
at com.crm.qa.util.ExcelUtil.setExcelFile(ExcelUtil.java:31)
at com.crm.qa.util.ExcelUtil.setExcelFile(ExcelUtil.java:31)
at com.crm.qa.util.ExcelUtil.setExcelFile(ExcelUtil.java:31)
at com.crm.qa.util.ExcelUtil.setExcelFile(ExcelUtil.java:31)
at com.crm.qa.util.ExcelUtil.setExcelFile(ExcelUtil.java:31)
at com.crm.qa.util.ExcelUtil.setExcelFile(ExcelUtil.java:31)
at com.crm.qa.util.ExcelUtil.setExcelFile(ExcelUtil.java:31)
at com.crm.qa.util.ExcelUtil.setExcelFile(ExcelUtil.java:31)
at com.crm.qa.util.ExcelUtil.setExcelFile(ExcelUtil.java:31)
at com.crm.qa.util.ExcelUtil.setExcelFile(ExcelUtil.java:31)
at com.crm.qa.util.ExcelUtil.setExcelFile(ExcelUtil.java:31)
at com.crm.qa.util.ExcelUtil.setExcelFile(ExcelUtil.java:31)
at com.crm.qa.util.ExcelUtil.setExcelFile(ExcelUtil.java:31)
at com.crm.qa.util.ExcelUtil.setExcelFile(ExcelUtil.java:31)
at com.crm.qa.util.ExcelUtil.setExcelFile(ExcelUtil.java:31)
at com.crm.qa.util.ExcelUtil.setExcelFile(ExcelUtil.java:31)
at com.crm.qa.util.ExcelUtil.setExcelFile(ExcelUtil.java:31)
at com.crm.qa.util.ExcelUtil.setExcelFile(ExcelUtil.java:31)
at com.crm.qa.util.ExcelUtil.setExcelFile(ExcelUtil.java:31)
at com.crm.qa.util.ExcelUtil.setExcelFile(ExcelUtil.java:31)
at com.crm.qa.util.ExcelUtil.setExcelFile(ExcelUtil.java:31)
at com.crm.qa.util.ExcelUtil.setExcelFile(ExcelUtil.java:31)
at com.crm.qa.util.ExcelUtil.setExcelFile(ExcelUtil.java:31)
at com.crm.qa.util.ExcelUtil.setExcelFile(ExcelUtil.java:31)
at com.crm.qa.util.ExcelUtil.setExcelFile(ExcelUtil.java:31)
at com.crm.qa.util.ExcelUtil.setExcelFile(ExcelUtil.java:31)
at com.crm.qa.util.ExcelUtil.setExcelFile(ExcelUtil.java:31)
at com.crm.qa.util.ExcelUtil.setExcelFile(ExcelUtil.java:31)
at com.crm.qa.util.ExcelUtil.setExcelFile(ExcelUtil.java:31)
at com.crm.qa.util.ExcelUtil.setExcelFile(ExcelUtil.java:31)
at com.crm.qa.util.ExcelUtil.setExcelFile(ExcelUtil.java:31)
at com.crm.qa.util.ExcelUtil.setExcelFile(ExcelUtil.java:31)
at com.crm.qa.util.ExcelUtil.setExcelFile(ExcelUtil.java:31)
at com.crm.qa.util.ExcelUtil.setExcelFile(ExcelUtil.java:31)
at com.crm.qa.util.ExcelUtil.setExcelFile(ExcelUtil.java:31)
at com.crm.qa.util.ExcelUtil.setExcelFile(ExcelUtil.java:31)
at com.crm.qa.util.ExcelUtil.setExcelFile(ExcelUtil.java:31)
at com.crm.qa.util.ExcelUtil.setExcelFile(ExcelUtil.java:31)
at com.crm.qa.util.ExcelUtil.setExcelFile(ExcelUtil.java:31)
at com.crm.qa.util.ExcelUtil.setExcelFile(ExcelUtil.java:31)
at com.crm.qa.util.ExcelUtil.setExcelFile(ExcelUtil.java:31)
at com.crm.qa.util.ExcelUtil.setExcelFile(ExcelUtil.java:31)
at com.crm.qa.util.ExcelUtil.setExcelFile(ExcelUtil.java:31)
at com.crm.qa.util.ExcelUtil.setExcelFile(ExcelUtil.java:31)
at com.crm.qa.util.ExcelUtil.setExcelFile(ExcelUtil.java:31)
at com.crm.qa.util.ExcelUtil.setExcelFile(ExcelUtil.java:31)
at com.crm.qa.util.ExcelUtil.setExcelFile(ExcelUtil.java:31)
at com.crm.qa.util.ExcelUtil.setExcelFile(ExcelUtil.java:31)
at com.crm.qa.util.ExcelUtil.setExcelFile(ExcelUtil.java:31)
at com.crm.qa.util.ExcelUtil.setExcelFile(ExcelUtil.java:31)
at com.crm.qa.util.ExcelUtil.setExcelFile(ExcelUtil.java:31)
at com.crm.qa.util.ExcelUtil.setExcelFile(ExcelUtil.java:31)
at com.crm.qa.util.ExcelUtil.setExcelFile(ExcelUtil.java:31)
at com.crm.qa.util.ExcelUtil.setExcelFile(ExcelUtil.java:31)
at com.crm.qa.util.ExcelUtil.setExcelFile(ExcelUtil.java:31)
at com.crm.qa.util.ExcelUtil.setExcelFile(ExcelUtil.java:31)
at com.crm.qa.util.ExcelUtil.setExcelFile(ExcelUtil.java:31)
at com.crm.qa.util.ExcelUtil.setExcelFile(ExcelUtil.java:31)
at com.crm.qa.util.ExcelUtil.setExcelFile(ExcelUtil.java:31)
at com.crm.qa.util.ExcelUtil.setExcelFile(ExcelUtil.java:31)
at com.crm.qa.util.ExcelUtil.setExcelFile(ExcelUtil.java:31)
at com.crm.qa.util.ExcelUtil.setExcelFile(ExcelUtil.java:31)
at com.crm.qa.util.ExcelUtil.setExcelFile(ExcelUtil.java:31)
at com.crm.qa.util.ExcelUtil.setExcelFile(ExcelUtil.java:31)
at com.crm.qa.util.ExcelUtil.setExcelFile(ExcelUtil.java:31)
at com.crm.qa.util.ExcelUtil.setExcelFile(ExcelUtil.java:31)
at com.crm.qa.util.ExcelUtil.setExcelFile(ExcelUtil.java:31)
at com.crm.qa.util.ExcelUtil.setExcelFile(ExcelUtil.java:31)
at com.crm.qa.util.ExcelUtil.setExcelFile(ExcelUtil.java:31)
at com.crm.qa.util.ExcelUtil.setExcelFile(ExcelUtil.java:31)
at com.crm.qa.util.ExcelUtil.setExcelFile(ExcelUtil.java:31)
at com.crm.qa.util.ExcelUtil.setExcelFile(ExcelUtil.java:31)
at com.crm.qa.util.ExcelUtil.setExcelFile(ExcelUtil.java:31)
at com.crm.qa.util.ExcelUtil.setExcelFile(ExcelUtil.java:31)
at com.crm.qa.util.ExcelUtil.setExcelFile(ExcelUtil.java:31)
at com.crm.qa.util.ExcelUtil.setExcelFile(ExcelUtil.java:31)
at com.crm.qa.util.ExcelUtil.setExcelFile(ExcelUtil.java:31)
at com.crm.qa.util.ExcelUtil.setExcelFile(ExcelUtil.java:31)
at com.crm.qa.util.ExcelUtil.setExcelFile(ExcelUtil.java:31)
at com.crm.qa.util.ExcelUtil.setExcelFile(ExcelUtil.java:31)
at com.crm.qa.util.ExcelUtil.setExcelFile(ExcelUtil.java:31)
at com.crm.qa.util.ExcelUtil.setExcelFile(ExcelUtil.java:31)
at com.crm.qa.util.ExcelUtil.setExcelFile(ExcelUtil.java:31)
at com.crm.qa.util.ExcelUtil.setExcelFile(ExcelUtil.java:31)
at com.crm.qa.util.ExcelUtil.setExcelFile(ExcelUtil.java:31)
at com.crm.qa.util.ExcelUtil.setExcelFile(ExcelUtil.java:31)
at com.crm.qa.util.ExcelUtil.setExcelFile(ExcelUtil.java:31)
at com.crm.qa.util.ExcelUtil.setExcelFile(ExcelUtil.java:31)
at com.crm.qa.util.ExcelUtil.setExcelFile(ExcelUtil.java:31)
at com.crm.qa.util.ExcelUtil.setExcelFile(ExcelUtil.java:31)
at com.crm.qa.util.ExcelUtil.setExcelFile(ExcelUtil.java:31)
at com.crm.qa.util.ExcelUtil.setExcelFile(ExcelUtil.java:31)
at com.crm.qa.util.ExcelUtil.setExcelFile(ExcelUtil.java:31)
at com.crm.qa.util.ExcelUtil.setExcelFile(ExcelUtil.java:31)
at com.crm.qa.util.ExcelUtil.setExcelFile(ExcelUtil.java:31)
at com.crm.qa.util.ExcelUtil.setExcelFile(ExcelUtil.java:31)
at com.crm.qa.util.ExcelUtil.setExcelFile(ExcelUtil.java:31)
at com.crm.qa.util.ExcelUtil.setExcelFile(ExcelUtil.java:31)
at com.crm.qa.util.ExcelUtil.setExcelFile(ExcelUtil.java:31)
at com.crm.qa.util.ExcelUtil.setExcelFile(ExcelUtil.java:31)
at com.crm.qa.util.ExcelUtil.setExcelFile(ExcelUtil.java:31)
at com.crm.qa.util.ExcelUtil.setExcelFile(ExcelUtil.java:31)
at com.crm.qa.util.ExcelUtil.setExcelFile(ExcelUtil.java:31)
at com.crm.qa.util.ExcelUtil.setExcelFile(ExcelUtil.java:31)
at com.crm.qa.util.ExcelUtil.setExcelFile(ExcelUtil.java:31)
at com.crm.qa.util.ExcelUtil.setExcelFile(ExcelUtil.java:31)
at com.crm.qa.util.ExcelUtil.setExcelFile(ExcelUtil.java:31)
at com.crm.qa.util.ExcelUtil.setExcelFile(ExcelUtil.java:31)
at com.crm.qa.util.ExcelUtil.setExcelFile(ExcelUtil.java:31)
at com.crm.qa.util.ExcelUtil.setExcelFile(ExcelUtil.java:31)
at com.crm.qa.util.ExcelUtil.setExcelFile(ExcelUtil.java:31)
at com.crm.qa.util.ExcelUtil.setExcelFile(ExcelUtil.java:31)
at com.crm.qa.util.ExcelUtil.setExcelFile(ExcelUtil.java:31)
at com.crm.qa.util.ExcelUtil.setExcelFile(ExcelUtil.java:31)
at com.crm.qa.util.ExcelUtil.setExcelFile(ExcelUtil.java:31)
at com.crm.qa.util.ExcelUtil.setExcelFile(ExcelUtil.java:31)
at com.crm.qa.util.ExcelUtil.setExcelFile(ExcelUtil.java:31)
at com.crm.qa.util.ExcelUtil.setExcelFile(ExcelUtil.java:31)
at com.crm.qa.util.ExcelUtil.setExcelFile(ExcelUtil.java:31)
at com.crm.qa.util.ExcelUtil.setExcelFile(ExcelUtil.java:31)
at com.crm.qa.util.ExcelUtil.setExcelFile(ExcelUtil.java:31)
at com.crm.qa.util.ExcelUtil.setExcelFile(ExcelUtil.java:31)
at com.crm.qa.util.ExcelUtil.setExcelFile(ExcelUtil.java:31)
]]>
    </error>
  </testcase> <!-- testmethod -->
  <system-out/>
</testsuite> <!-- com.crm.qa.testcases.exceltest -->
