<?xml version="1.0" encoding="UTF-8"?>
<!-- Generated by org.testng.reporters.JUnitReportReporter -->
<testsuite hostname="ARPGL005086" failures="0" tests="2" name="com.crm.qa.testcases.AddDomainAndDomainCreation" time="43.189" errors="0" timestamp="2022-03-17T16:03:45 IST" skipped="0">
  <testcase classname="com.crm.qa.testcases.AddDomainAndDomainCreation" name="AppLogin" time="7.019"/>
  <system-out/>
  <testcase classname="com.crm.qa.testcases.AddDomainAndDomainCreation" name="CreateDomain" time="36.170"/>
  <system-out/>
</testsuite> <!-- com.crm.qa.testcases.AddDomainAndDomainCreation -->
