<?xml version="1.0" encoding="UTF-8"?>
<!-- Generated by org.testng.reporters.JUnitReportReporter -->
<testsuite hostname="DESKTOP-5TV0DKH" failures="0" tests="1" name="com.otsi.qa.testcases.RegisterNewUserAndLogin" time="7.876" errors="0" timestamp="2022-09-30T17:00:39 IST" skipped="0">
  <testcase classname="com.otsi.qa.testcases.RegisterNewUserAndLogin" name="Register" time="7.876"/>
  <system-out/>
</testsuite> <!-- com.otsi.qa.testcases.RegisterNewUserAndLogin -->
