<?xml version="1.0" encoding="UTF-8"?>
<!-- Generated by org.testng.reporters.JUnitReportReporter -->
<testsuite hostname="DESKTOP-5TV0DKH" failures="0" tests="1" name="com.test.qa.testcases.UserLogin" time="7.436" errors="0" timestamp="2022-09-30T17:18:14 IST" skipped="0">
  <testcase classname="com.test.qa.testcases.UserLogin" name="AppLogin" time="7.436"/>
  <system-out/>
</testsuite> <!-- com.test.qa.testcases.UserLogin -->
